[debug] [2023-11-26T05:15:54.888Z] ----------------------------------------------------------------------
[debug] [2023-11-26T05:15:54.890Z] Command:       C:\Program Files\nodejs\node.exe C:\Users\mishr\AppData\Roaming\npm\node_modules\firebase-tools\lib\bin\firebase.js init
[debug] [2023-11-26T05:15:54.890Z] CLI Version:   12.9.1
[debug] [2023-11-26T05:15:54.890Z] Platform:      win32
[debug] [2023-11-26T05:15:54.891Z] Node Version:  v18.16.1
[debug] [2023-11-26T05:15:54.891Z] Time:          Sun Nov 26 2023 10:45:54 GMT+0530 (India Standard Time)
[debug] [2023-11-26T05:15:54.892Z] ----------------------------------------------------------------------
[debug] 
[debug] [2023-11-26T05:15:54.897Z] > command requires scopes: ["email","openid","https://www.googleapis.com/auth/cloudplatformprojects.readonly","https://www.googleapis.com/auth/firebase","https://www.googleapis.com/auth/cloud-platform"]
[debug] [2023-11-26T05:15:54.898Z] > authorizing via signed-in user (mishrasatyapriya9@gmail.com)
[info] 
     ######## #### ########  ######## ########     ###     ######  ########
     ##        ##  ##     ## ##       ##     ##  ##   ##  ##       ##
     ######    ##  ########  ######   ########  #########  ######  ######
     ##        ##  ##    ##  ##       ##     ## ##     ##       ## ##
     ##       #### ##     ## ######## ########  ##     ##  ######  ########

You're about to initialize a Firebase project in this directory:

  C:\Users\mishr\Desktop\finalprojectpedrotech

[info] 
=== Project Setup
[info] 
[info] First, let's associate this project directory with a Firebase project.
[info] You can create multiple project aliases by running firebase use --add, 
[info] but for now we'll just set up a default project.
[info] 
[debug] [2023-11-26T05:17:49.006Z] >>> [apiv2][query] GET https://firebase.googleapis.com/v1beta1/projects pageSize=100
[debug] [2023-11-26T05:17:49.972Z] <<< [apiv2][status] GET https://firebase.googleapis.com/v1beta1/projects 200
[debug] [2023-11-26T05:17:49.973Z] <<< [apiv2][body] GET https://firebase.googleapis.com/v1beta1/projects [omitted]
[info] i  Using project react-course-9b91c (react-course) 
[info] 
=== Hosting Setup
[debug] [2023-11-26T05:17:53.129Z] >>> [apiv2][query] GET https://firebase.googleapis.com/v1beta1/projects/react-course-9b91c [none]
[debug] [2023-11-26T05:17:53.774Z] <<< [apiv2][status] GET https://firebase.googleapis.com/v1beta1/projects/react-course-9b91c 200
[debug] [2023-11-26T05:17:53.774Z] <<< [apiv2][body] GET https://firebase.googleapis.com/v1beta1/projects/react-course-9b91c {"projectId":"react-course-9b91c","projectNumber":"587846556351","displayName":"react-course","name":"projects/react-course-9b91c","resources":{"hostingSite":"react-course-9b91c"},"state":"ACTIVE","etag":"1_a7a56050-114a-4546-bd3d-8130e2ac98e0"}
[info] 
[info] Your public directory is the folder (relative to your project directory) that
[info] will contain Hosting assets to be uploaded with firebase deploy. If you
[info] have a build process for your assets, use your build's output directory.
[info] 
[info] +  Wrote public/404.html 
[debug] [2023-11-26T05:19:14.209Z] >>> [apiv2][query] GET https://www.gstatic.com/firebasejs/releases.json [none]
[debug] [2023-11-26T05:19:14.662Z] <<< [apiv2][status] GET https://www.gstatic.com/firebasejs/releases.json 200
[debug] [2023-11-26T05:19:14.662Z] <<< [apiv2][body] GET https://www.gstatic.com/firebasejs/releases.json {"current":{"version":"10.6.0","browserURL":"https://www.gstatic.com/firebasejs/10.6.0/firebase.js","packageURL":"https://www.gstatic.com/firebasejs/10.6.0/firebase.tgz"},"live":{"version":"10.6","browserURL":"https://www.gstatic.com/firebasejs/live/10.6/firebase.js","packageURL":"https://www.gstatic.com/firebasejs/live/10.6/firebase.tgz"},"components":{"analytics":"https://www.gstatic.com/firebasejs/10.6.0/firebase-analytics.js","app":"https://www.gstatic.com/firebasejs/10.6.0/firebase-app.js","app-check":"https://www.gstatic.com/firebasejs/10.6.0/firebase-app-check.js","auth":"https://www.gstatic.com/firebasejs/10.6.0/firebase-auth.js","auth/cordova":"https://www.gstatic.com/firebasejs/10.6.0/firebase-auth/cordova.js","functions":"https://www.gstatic.com/firebasejs/10.6.0/firebase-functions.js","firestore":"https://www.gstatic.com/firebasejs/10.6.0/firebase-firestore.js","firestore/lite":"https://www.gstatic.com/firebasejs/10.6.0/firebase-firestore/lite.js","installations":"https://www.gstatic.com/firebasejs/10.6.0/firebase-installations.js","storage":"https://www.gstatic.com/firebasejs/10.6.0/firebase-storage.js","performance":"https://www.gstatic.com/firebasejs/10.6.0/firebase-performance.js","remote-config":"https://www.gstatic.com/firebasejs/10.6.0/firebase-remote-config.js","messaging":"https://www.gstatic.com/firebasejs/10.6.0/firebase-messaging.js","messaging/sw":"https://www.gstatic.com/firebasejs/10.6.0/firebase-messaging/sw.js","database":"https://www.gstatic.com/firebasejs/10.6.0/firebase-database.js","firestore.memory":"https://www.gstatic.com/firebasejs/10.6.0/firebase-firestore.memory.js"}}
[info] i  Skipping write of public/index.html 
[info] 
[info] i  Detected a .git folder at C:\Users\mishr 
[info] i  Authorizing with GitHub to upload your service account to a GitHub repository's secrets store. 
[info] 
[info] Visit this URL on this device to log in:
[info] https://github.com/login/oauth/authorize?client_id=89cf50f02ac6aaed3484&state=850677020&redirect_uri=http%3A%2F%2Flocalhost%3A9005&scope=read%3Auser%20repo%20public_repo
[info] 
[info] Waiting for authentication...
[debug] [2023-11-26T05:19:49.787Z] >>> [apiv2][query] POST https://github.com/login/oauth/access_token [none]
[debug] [2023-11-26T05:19:49.787Z] >>> [apiv2][body] POST https://github.com/login/oauth/access_token [stream]
[debug] [2023-11-26T05:19:50.660Z] <<< [apiv2][status] POST https://github.com/login/oauth/access_token 200
[debug] [2023-11-26T05:19:50.660Z] <<< [apiv2][body] POST https://github.com/login/oauth/access_token {"access_token":"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","token_type":"bearer","scope":"read:user,repo"}
[debug] [2023-11-26T05:19:50.665Z] >>> [apiv2][query] GET https://api.github.com/user [none]
[debug] [2023-11-26T05:19:51.328Z] <<< [apiv2][status] GET https://api.github.com/user 200
[debug] [2023-11-26T05:19:51.328Z] <<< [apiv2][body] GET https://api.github.com/user {"login":"mishrasatyapriya9","id":106869525,"node_id":"U_kgDOBl6zFQ","avatar_url":"https://avatars.githubusercontent.com/u/106869525?v=4","gravatar_id":"","url":"https://api.github.com/users/mishrasatyapriya9","html_url":"https://github.com/mishrasatyapriya9","followers_url":"https://api.github.com/users/mishrasatyapriya9/followers","following_url":"https://api.github.com/users/mishrasatyapriya9/following{/other_user}","gists_url":"https://api.github.com/users/mishrasatyapriya9/gists{/gist_id}","starred_url":"https://api.github.com/users/mishrasatyapriya9/starred{/owner}{/repo}","subscriptions_url":"https://api.github.com/users/mishrasatyapriya9/subscriptions","organizations_url":"https://api.github.com/users/mishrasatyapriya9/orgs","repos_url":"https://api.github.com/users/mishrasatyapriya9/repos","events_url":"https://api.github.com/users/mishrasatyapriya9/events{/privacy}","received_events_url":"https://api.github.com/users/mishrasatyapriya9/received_events","type":"User","site_admin":false,"name":"Satyapriya mishra","company":"skill grow","blog":"https://www.linkedin.com/in/satyapriya-mishra-3a95a4223","location":"bhubanswar india","email":null,"hireable":null,"bio":"Hii ,i am satya priya mishra studing in the silicon institute of technology in computer science and enginering branch,i am web  and blockchain developer.","twitter_username":"RAAJGAM47626314","public_repos":22,"public_gists":0,"followers":21,"following":9,"created_at":"2022-06-04T11:25:59Z","updated_at":"2023-11-22T05:46:45Z","private_gists":0,"total_private_repos":0,"owned_private_repos":0,"disk_usage":13482,"collaborators":0,"two_factor_authentication":false,"plan":{"name":"pro","space":976562499,"collaborators":0,"private_repos":9999}}
[info] 
[info] +  Success! Logged into GitHub as mishrasatyapriya9 
[info] 
